// 重构日志: 212837ac
// 重构日志: 84306b62
// 重构日志: 94e35373
// 重构日志: 13c45f32
// 重构日志: bbfa9fe4
// 重构日志: 7d4f9ceb
// 同步 ID: 85fc02e4 @ Sat Jul  4 01:50:13 UTC 2026
// 同步 ID: e39369e7 @ Sat Jul  4 05:41:59 UTC 2026
// 同步 ID: ef0d2f29 @ Sat Jul  4 21:57:28 UTC 2026
// 同步 ID: 700c1881 @ Sat Jul  4 23:24:59 UTC 2026
// 同步 ID: 9941395a @ Sun Jul  5 13:19:53 UTC 2026
// 重构日志: b9fea3b3
// 重构日志: 31bd2578
// 重构日志: 32457da1
// 同步 ID: 63459e8c @ Thu Jul  9 04:37:48 UTC 2026
// 同步 ID: 9dde8315 @ Thu Jul  9 08:09:27 UTC 2026
// 重构日志: c2d1eb05
// 重构日志: 1ccbb075
// 同步 ID: 791ab2eb @ Sun Jul 12 12:23:23 UTC 2026
// 同步 ID: f080d252 @ Tue Jul 14 06:39:17 UTC 2026
// 重构日志: 4d97d341
// 同步 ID: d4ec3088 @ Wed Jul 15 09:29:43 UTC 2026
// 重构日志: 8638b4f5
// 重构日志: 30d5b0da
// 同步 ID: 46415315 @ Fri Jul 17 15:08:58 UTC 2026
// 重构日志: 4a3e5988
// 同步 ID: 122fcdbf @ Fri Jul 17 21:48:22 UTC 2026
// 重构日志: bf537acd
// 重构日志: 25f25582
// 同步 ID: b94b2b5e @ Sat Jul 18 09:11:58 UTC 2026
// 重构日志: 7686e9d8
